Exporter version: 6.4.1, Blender version: 2.83.0
========= Conversion from Blender to Babylon.js =========
	Scene settings used :
		Inline textures     :  false
		Material Type       :  PBR
		Positions Precision :  4
		Normals Precision   :  3
		UVs Precision       :  3
		Vert Color Precision:  3
		Mat Weight Precision:  2
		Keep Z-up r-handed  :  no
		Texture directory   :  /Users/dusan/Projects/MeetFPS/public/
	Python World class constructor completed
	processing begun of camera (UniversalCamera):  Camera
	processing begun of mesh:  Cube.000
		processing begun of material:  Material.003
		num positions      :  1566
		num normals        :  1566
		num tangents       :  0
		num uvs            :  3132
		num uvs2           :  0
		num colors         :  0
		num triangles      :  524
	processing begun of light (POINT):  Point
	processing begun of light (POINT):  Point.001
	processing begun of light (POINT):  Point.003
	processing begun of light (POINT):  Point.002
========= Writing of JSON file started =========
	writing mesh:  Cube.000
========= Writing of JSON file completed =========
========= end of processing =========
elapsed time:  0 min, 0.0526 secs
